c:\users\jomod\documents\uu_gmt\gamephysics\firstpractical\practical1\practical1_bin.dir\debug\polytope.obj
c:\users\jomod\documents\uu_gmt\gamephysics\firstpractical\practical1\practical1_bin.dir\debug\support.obj
c:\users\jomod\documents\uu_gmt\gamephysics\firstpractical\practical1\practical1_bin.dir\debug\vec3.obj
c:\users\jomod\documents\uu_gmt\gamephysics\firstpractical\practical1\practical1_bin.dir\debug\ccd.obj
c:\users\jomod\documents\uu_gmt\gamephysics\firstpractical\practical1\practical1_bin.dir\debug\mpr.obj
c:\users\jomod\documents\uu_gmt\gamephysics\firstpractical\practical1\practical1_bin.dir\debug\vc141.pdb
c:\users\jomod\documents\uu_gmt\gamephysics\firstpractical\practical1\practical1_bin.dir\debug\main.obj
c:\users\jomod\documents\uu_gmt\gamephysics\firstpractical\practical1\cmakefiles\generate.stamp
c:\users\jomod\documents\uu_gmt\gamephysics\firstpractical\practical1\debug\practical1_bin.exe
c:\users\jomod\documents\uu_gmt\gamephysics\firstpractical\practical1\debug\practical1_bin.ilk
c:\users\jomod\documents\uu_gmt\gamephysics\firstpractical\practical1\debug\practical1_bin.pdb
c:\users\jomod\documents\uu_gmt\gamephysics\firstpractical\practical1\debug\practical1_bin.lib
c:\users\jomod\documents\uu_gmt\gamephysics\firstpractical\practical1\debug\practical1_bin.exp
c:\users\jomod\documents\uu_gmt\gamephysics\firstpractical\practical1\practical1_bin.dir\debug\practical1_bin.tlog\cl.command.1.tlog
c:\users\jomod\documents\uu_gmt\gamephysics\firstpractical\practical1\practical1_bin.dir\debug\practical1_bin.tlog\cl.read.1.tlog
c:\users\jomod\documents\uu_gmt\gamephysics\firstpractical\practical1\practical1_bin.dir\debug\practical1_bin.tlog\cl.write.1.tlog
c:\users\jomod\documents\uu_gmt\gamephysics\firstpractical\practical1\practical1_bin.dir\debug\practical1_bin.tlog\custombuild.command.1.tlog
c:\users\jomod\documents\uu_gmt\gamephysics\firstpractical\practical1\practical1_bin.dir\debug\practical1_bin.tlog\custombuild.read.1.tlog
c:\users\jomod\documents\uu_gmt\gamephysics\firstpractical\practical1\practical1_bin.dir\debug\practical1_bin.tlog\custombuild.write.1.tlog
c:\users\jomod\documents\uu_gmt\gamephysics\firstpractical\practical1\practical1_bin.dir\debug\practical1_bin.tlog\link.command.1.tlog
c:\users\jomod\documents\uu_gmt\gamephysics\firstpractical\practical1\practical1_bin.dir\debug\practical1_bin.tlog\link.read.1.tlog
c:\users\jomod\documents\uu_gmt\gamephysics\firstpractical\practical1\practical1_bin.dir\debug\practical1_bin.tlog\link.write.1.tlog
c:\users\jomod\documents\uu_gmt\gamephysics\firstpractical\practical1\practical1_bin.dir\debug\practical1_bin.tlog\practical1_bin.write.1u.tlog
